
ROM used:   1127/8192 (14%)
            1127/8192 (14%) including unused fragments

            0.8 Average locations per line
            6.3 Average locations per statement

RAM used:   21/368 (6%) at main() level
            35/368 (10%) worst case

Stack used: 5 worst case (5 in main + 0 for interrupts)
Stack size: 8

Lines Stmts  %   Files
----- ----- ---  -----
   74    36  20  main.c
    4     0   0  main.h
  707     0   0  C:\Program Files (x86)\PICC\Devices\16F877A.h
  456     0   0  C:\Program Files (x86)\PICC\Drivers\lcd.c
  160   142  80  keypad.c
----- -----
 1401   178 Total

Page ROM  %  RAM    Vol Diff  Functions:
---- --- --- ---    --- ----  ----------
0     20   2    1             @delay_ms1
 Inline         3    760  4.5  lcd_read_byte
0     49   4    2    262  3.7  lcd_read_nibble
0     46   4    1    399  2.4  lcd_send_nibble
0     94   8    3    415  3.7  lcd_send_byte
0     70   6    6    852  6.2  lcd_init
0     18   2    4    208  6.3  lcd_gotoxy
0     44   4    1    354  4.7  lcd_putc
0    458  41    3   4184  5.9  quet_phim
0      1   0    0     72  1.2  @const741
0     86   8    4    104  1.7  @PSTRINGC7_724
0      1   0    0    197  3.2  @const746
0      1   0    0    197  3.2  @const747
0      1   0    0    197  3.2  @const748
0      1   0    0    197  3.2  @const749
0      1   0    0    197  3.2  @const750
0      1   0    0    197  3.2  @const751
0      1   0    0    197  3.2  @const752
0      1   0    0    197  3.2  @const753
0      1   0    0             @const754
0      1   0    0             @const755
0      1   0    0             @const756
0     48   4    0    370  5.1  checkpass
0     15   1    0     72  1.2  LCD_Enable
0     50   4    1    226  2.8  LCD_Send4Bit
 Inline         2    104  1.7  LCD_SendCommand
0     22   2    0     32  1.0  LCD_Clear
0     81   7    3    410  3.6  MAIN
0      4   0    0             @const767
0      3   0    0             @const770
0      3   0    0             @const771
 Inline         0             @cinit1

Program metrics:
    Functions               24
    Statements              178
    Comments                201
    Volume (V)              17109
    Difficulty (D)          81.3
    Effort to implement (E) 1391087
    Time to implement (T)   21 hours, 28 minutes
    Est Delivered Bugs (B)  4
    Cyclomatic Complexity   24
    Maintainability (MI)    55

 Segment     Used  Free
-----------  ----  ----
00000-00003     4  0  
00004-007FF  1123  921  
00800-00FFF     0  2048  
01000-017FF     0  2048  
01800-01FFF     0  2048  



